  源.cpp
c:\users\asus\source\repos\数据结构上机 图\数据结构上机 图\源.cpp(35): warning C4005: “INFINITY”: 宏重定义
  c:\program files (x86)\windows kits\10\include\10.0.15063.0\ucrt\corecrt_math.h(89): note: 参见“INFINITY”的前一个定义
c:\users\asus\source\repos\数据结构上机 图\数据结构上机 图\源.cpp(74): warning C4996: 'scanf': This function or variable may be unsafe. Consider using scanf_s instead. To disable deprecation, use _CRT_SECURE_NO_WARNINGS. See online help for details.
  c:\program files (x86)\windows kits\10\include\10.0.15063.0\ucrt\stdio.h(1272): note: 参见“scanf”的声明
c:\users\asus\source\repos\数据结构上机 图\数据结构上机 图\源.cpp(75): warning C4996: 'fopen': This function or variable may be unsafe. Consider using fopen_s instead. To disable deprecation, use _CRT_SECURE_NO_WARNINGS. See online help for details.
  c:\program files (x86)\windows kits\10\include\10.0.15063.0\ucrt\stdio.h(207): note: 参见“fopen”的声明
c:\users\asus\source\repos\数据结构上机 图\数据结构上机 图\源.cpp(76): warning C4996: 'fscanf': This function or variable may be unsafe. Consider using fscanf_s instead. To disable deprecation, use _CRT_SECURE_NO_WARNINGS. See online help for details.
  c:\program files (x86)\windows kits\10\include\10.0.15063.0\ucrt\stdio.h(1195): note: 参见“fscanf”的声明
c:\users\asus\source\repos\数据结构上机 图\数据结构上机 图\源.cpp(77): warning C4996: 'fscanf': This function or variable may be unsafe. Consider using fscanf_s instead. To disable deprecation, use _CRT_SECURE_NO_WARNINGS. See online help for details.
  c:\program files (x86)\windows kits\10\include\10.0.15063.0\ucrt\stdio.h(1195): note: 参见“fscanf”的声明
c:\users\asus\source\repos\数据结构上机 图\数据结构上机 图\源.cpp(79): warning C4996: 'fscanf': This function or variable may be unsafe. Consider using fscanf_s instead. To disable deprecation, use _CRT_SECURE_NO_WARNINGS. See online help for details.
  c:\program files (x86)\windows kits\10\include\10.0.15063.0\ucrt\stdio.h(1195): note: 参见“fscanf”的声明
c:\users\asus\source\repos\数据结构上机 图\数据结构上机 图\源.cpp(88): warning C4996: 'fscanf': This function or variable may be unsafe. Consider using fscanf_s instead. To disable deprecation, use _CRT_SECURE_NO_WARNINGS. See online help for details.
  c:\program files (x86)\windows kits\10\include\10.0.15063.0\ucrt\stdio.h(1195): note: 参见“fscanf”的声明
c:\users\asus\source\repos\数据结构上机 图\数据结构上机 图\源.cpp(104): warning C4996: 'scanf': This function or variable may be unsafe. Consider using scanf_s instead. To disable deprecation, use _CRT_SECURE_NO_WARNINGS. See online help for details.
  c:\program files (x86)\windows kits\10\include\10.0.15063.0\ucrt\stdio.h(1272): note: 参见“scanf”的声明
c:\users\asus\source\repos\数据结构上机 图\数据结构上机 图\源.cpp(107): warning C4996: 'scanf': This function or variable may be unsafe. Consider using scanf_s instead. To disable deprecation, use _CRT_SECURE_NO_WARNINGS. See online help for details.
  c:\program files (x86)\windows kits\10\include\10.0.15063.0\ucrt\stdio.h(1272): note: 参见“scanf”的声明
c:\users\asus\source\repos\数据结构上机 图\数据结构上机 图\源.cpp(117): warning C4996: 'scanf': This function or variable may be unsafe. Consider using scanf_s instead. To disable deprecation, use _CRT_SECURE_NO_WARNINGS. See online help for details.
  c:\program files (x86)\windows kits\10\include\10.0.15063.0\ucrt\stdio.h(1272): note: 参见“scanf”的声明
c:\users\asus\source\repos\数据结构上机 图\数据结构上机 图\源.cpp(101): warning C4101: “info”: 未引用的局部变量
c:\users\asus\source\repos\数据结构上机 图\数据结构上机 图\源.cpp(101): warning C4101: “s”: 未引用的局部变量
c:\users\asus\source\repos\数据结构上机 图\数据结构上机 图\源.cpp(100): warning C4101: “l”: 未引用的局部变量
c:\users\asus\source\repos\数据结构上机 图\数据结构上机 图\源.cpp(144): warning C4996: 'scanf': This function or variable may be unsafe. Consider using scanf_s instead. To disable deprecation, use _CRT_SECURE_NO_WARNINGS. See online help for details.
  c:\program files (x86)\windows kits\10\include\10.0.15063.0\ucrt\stdio.h(1272): note: 参见“scanf”的声明
c:\users\asus\source\repos\数据结构上机 图\数据结构上机 图\源.cpp(147): warning C4996: 'scanf': This function or variable may be unsafe. Consider using scanf_s instead. To disable deprecation, use _CRT_SECURE_NO_WARNINGS. See online help for details.
  c:\program files (x86)\windows kits\10\include\10.0.15063.0\ucrt\stdio.h(1272): note: 参见“scanf”的声明
c:\users\asus\source\repos\数据结构上机 图\数据结构上机 图\源.cpp(157): warning C4996: 'scanf': This function or variable may be unsafe. Consider using scanf_s instead. To disable deprecation, use _CRT_SECURE_NO_WARNINGS. See online help for details.
  c:\program files (x86)\windows kits\10\include\10.0.15063.0\ucrt\stdio.h(1272): note: 参见“scanf”的声明
c:\users\asus\source\repos\数据结构上机 图\数据结构上机 图\源.cpp(141): warning C4101: “info”: 未引用的局部变量
c:\users\asus\source\repos\数据结构上机 图\数据结构上机 图\源.cpp(141): warning C4101: “s”: 未引用的局部变量
c:\users\asus\source\repos\数据结构上机 图\数据结构上机 图\源.cpp(184): warning C4996: 'scanf': This function or variable may be unsafe. Consider using scanf_s instead. To disable deprecation, use _CRT_SECURE_NO_WARNINGS. See online help for details.
  c:\program files (x86)\windows kits\10\include\10.0.15063.0\ucrt\stdio.h(1272): note: 参见“scanf”的声明
c:\users\asus\source\repos\数据结构上机 图\数据结构上机 图\源.cpp(187): warning C4996: 'scanf': This function or variable may be unsafe. Consider using scanf_s instead. To disable deprecation, use _CRT_SECURE_NO_WARNINGS. See online help for details.
  c:\program files (x86)\windows kits\10\include\10.0.15063.0\ucrt\stdio.h(1272): note: 参见“scanf”的声明
c:\users\asus\source\repos\数据结构上机 图\数据结构上机 图\源.cpp(197): warning C4996: 'scanf': This function or variable may be unsafe. Consider using scanf_s instead. To disable deprecation, use _CRT_SECURE_NO_WARNINGS. See online help for details.
  c:\program files (x86)\windows kits\10\include\10.0.15063.0\ucrt\stdio.h(1272): note: 参见“scanf”的声明
c:\users\asus\source\repos\数据结构上机 图\数据结构上机 图\源.cpp(181): warning C4101: “info”: 未引用的局部变量
c:\users\asus\source\repos\数据结构上机 图\数据结构上机 图\源.cpp(181): warning C4101: “s”: 未引用的局部变量
c:\users\asus\source\repos\数据结构上机 图\数据结构上机 图\源.cpp(180): warning C4101: “l”: 未引用的局部变量
c:\users\asus\source\repos\数据结构上机 图\数据结构上机 图\源.cpp(224): warning C4996: 'scanf': This function or variable may be unsafe. Consider using scanf_s instead. To disable deprecation, use _CRT_SECURE_NO_WARNINGS. See online help for details.
  c:\program files (x86)\windows kits\10\include\10.0.15063.0\ucrt\stdio.h(1272): note: 参见“scanf”的声明
c:\users\asus\source\repos\数据结构上机 图\数据结构上机 图\源.cpp(227): warning C4996: 'scanf': This function or variable may be unsafe. Consider using scanf_s instead. To disable deprecation, use _CRT_SECURE_NO_WARNINGS. See online help for details.
  c:\program files (x86)\windows kits\10\include\10.0.15063.0\ucrt\stdio.h(1272): note: 参见“scanf”的声明
c:\users\asus\source\repos\数据结构上机 图\数据结构上机 图\源.cpp(237): warning C4996: 'scanf': This function or variable may be unsafe. Consider using scanf_s instead. To disable deprecation, use _CRT_SECURE_NO_WARNINGS. See online help for details.
  c:\program files (x86)\windows kits\10\include\10.0.15063.0\ucrt\stdio.h(1272): note: 参见“scanf”的声明
c:\users\asus\source\repos\数据结构上机 图\数据结构上机 图\源.cpp(221): warning C4101: “info”: 未引用的局部变量
c:\users\asus\source\repos\数据结构上机 图\数据结构上机 图\源.cpp(221): warning C4101: “s”: 未引用的局部变量
c:\users\asus\source\repos\数据结构上机 图\数据结构上机 图\源.cpp(261): warning C4996: 'scanf': This function or variable may be unsafe. Consider using scanf_s instead. To disable deprecation, use _CRT_SECURE_NO_WARNINGS. See online help for details.
  c:\program files (x86)\windows kits\10\include\10.0.15063.0\ucrt\stdio.h(1272): note: 参见“scanf”的声明
c:\users\asus\source\repos\数据结构上机 图\数据结构上机 图\源.cpp(312): warning C4996: 'strcpy': This function or variable may be unsafe. Consider using strcpy_s instead. To disable deprecation, use _CRT_SECURE_NO_WARNINGS. See online help for details.
  c:\program files (x86)\windows kits\10\include\10.0.15063.0\ucrt\string.h(136): note: 参见“strcpy”的声明
c:\users\asus\source\repos\数据结构上机 图\数据结构上机 图\源.cpp(348): warning C4996: 'strcpy': This function or variable may be unsafe. Consider using strcpy_s instead. To disable deprecation, use _CRT_SECURE_NO_WARNINGS. See online help for details.
  c:\program files (x86)\windows kits\10\include\10.0.15063.0\ucrt\string.h(136): note: 参见“strcpy”的声明
c:\users\asus\source\repos\数据结构上机 图\数据结构上机 图\源.cpp(392): warning C4996: 'strcpy': This function or variable may be unsafe. Consider using strcpy_s instead. To disable deprecation, use _CRT_SECURE_NO_WARNINGS. See online help for details.
  c:\program files (x86)\windows kits\10\include\10.0.15063.0\ucrt\string.h(136): note: 参见“strcpy”的声明
c:\users\asus\source\repos\数据结构上机 图\数据结构上机 图\源.cpp(416): warning C4996: 'scanf': This function or variable may be unsafe. Consider using scanf_s instead. To disable deprecation, use _CRT_SECURE_NO_WARNINGS. See online help for details.
  c:\program files (x86)\windows kits\10\include\10.0.15063.0\ucrt\stdio.h(1272): note: 参见“scanf”的声明
c:\users\asus\source\repos\数据结构上机 图\数据结构上机 图\源.cpp(421): warning C4996: 'scanf': This function or variable may be unsafe. Consider using scanf_s instead. To disable deprecation, use _CRT_SECURE_NO_WARNINGS. See online help for details.
  c:\program files (x86)\windows kits\10\include\10.0.15063.0\ucrt\stdio.h(1272): note: 参见“scanf”的声明
c:\users\asus\source\repos\数据结构上机 图\数据结构上机 图\源.cpp(407): warning C4101: “info”: 未引用的局部变量
c:\users\asus\source\repos\数据结构上机 图\数据结构上机 图\源.cpp(407): warning C4101: “s”: 未引用的局部变量
c:\users\asus\source\repos\数据结构上机 图\数据结构上机 图\源.cpp(406): warning C4101: “l”: 未引用的局部变量
c:\users\asus\source\repos\数据结构上机 图\数据结构上机 图\源.cpp(476): warning C4996: 'strcpy': This function or variable may be unsafe. Consider using strcpy_s instead. To disable deprecation, use _CRT_SECURE_NO_WARNINGS. See online help for details.
  c:\program files (x86)\windows kits\10\include\10.0.15063.0\ucrt\string.h(136): note: 参见“strcpy”的声明
c:\users\asus\source\repos\数据结构上机 图\数据结构上机 图\源.cpp(477): warning C4996: 'strcpy': This function or variable may be unsafe. Consider using strcpy_s instead. To disable deprecation, use _CRT_SECURE_NO_WARNINGS. See online help for details.
  c:\program files (x86)\windows kits\10\include\10.0.15063.0\ucrt\string.h(136): note: 参见“strcpy”的声明
c:\users\asus\source\repos\数据结构上机 图\数据结构上机 图\源.cpp(641): warning C4996: 'strcpy': This function or variable may be unsafe. Consider using strcpy_s instead. To disable deprecation, use _CRT_SECURE_NO_WARNINGS. See online help for details.
  c:\program files (x86)\windows kits\10\include\10.0.15063.0\ucrt\string.h(136): note: 参见“strcpy”的声明
c:\users\asus\source\repos\数据结构上机 图\数据结构上机 图\源.cpp(642): warning C4996: 'strcpy': This function or variable may be unsafe. Consider using strcpy_s instead. To disable deprecation, use _CRT_SECURE_NO_WARNINGS. See online help for details.
  c:\program files (x86)\windows kits\10\include\10.0.15063.0\ucrt\string.h(136): note: 参见“strcpy”的声明
c:\users\asus\source\repos\数据结构上机 图\数据结构上机 图\源.cpp(660): warning C4996: 'strcpy': This function or variable may be unsafe. Consider using strcpy_s instead. To disable deprecation, use _CRT_SECURE_NO_WARNINGS. See online help for details.
  c:\program files (x86)\windows kits\10\include\10.0.15063.0\ucrt\string.h(136): note: 参见“strcpy”的声明
c:\users\asus\source\repos\数据结构上机 图\数据结构上机 图\源.cpp(661): warning C4996: 'strcpy': This function or variable may be unsafe. Consider using strcpy_s instead. To disable deprecation, use _CRT_SECURE_NO_WARNINGS. See online help for details.
  c:\program files (x86)\windows kits\10\include\10.0.15063.0\ucrt\string.h(136): note: 参见“strcpy”的声明
c:\users\asus\source\repos\数据结构上机 图\数据结构上机 图\源.cpp(663): warning C4996: 'strcpy': This function or variable may be unsafe. Consider using strcpy_s instead. To disable deprecation, use _CRT_SECURE_NO_WARNINGS. See online help for details.
  c:\program files (x86)\windows kits\10\include\10.0.15063.0\ucrt\string.h(136): note: 参见“strcpy”的声明
c:\users\asus\source\repos\数据结构上机 图\数据结构上机 图\源.cpp(664): warning C4996: 'strcpy': This function or variable may be unsafe. Consider using strcpy_s instead. To disable deprecation, use _CRT_SECURE_NO_WARNINGS. See online help for details.
  c:\program files (x86)\windows kits\10\include\10.0.15063.0\ucrt\string.h(136): note: 参见“strcpy”的声明
c:\users\asus\source\repos\数据结构上机 图\数据结构上机 图\源.cpp(666): warning C4996: 'strcpy': This function or variable may be unsafe. Consider using strcpy_s instead. To disable deprecation, use _CRT_SECURE_NO_WARNINGS. See online help for details.
  c:\program files (x86)\windows kits\10\include\10.0.15063.0\ucrt\string.h(136): note: 参见“strcpy”的声明
c:\users\asus\source\repos\数据结构上机 图\数据结构上机 图\源.cpp(667): warning C4996: 'strcpy': This function or variable may be unsafe. Consider using strcpy_s instead. To disable deprecation, use _CRT_SECURE_NO_WARNINGS. See online help for details.
  c:\program files (x86)\windows kits\10\include\10.0.15063.0\ucrt\string.h(136): note: 参见“strcpy”的声明
c:\users\asus\source\repos\数据结构上机 图\数据结构上机 图\源.cpp(669): warning C4996: 'strcpy': This function or variable may be unsafe. Consider using strcpy_s instead. To disable deprecation, use _CRT_SECURE_NO_WARNINGS. See online help for details.
  c:\program files (x86)\windows kits\10\include\10.0.15063.0\ucrt\string.h(136): note: 参见“strcpy”的声明
c:\users\asus\source\repos\数据结构上机 图\数据结构上机 图\源.cpp(670): warning C4996: 'strcpy': This function or variable may be unsafe. Consider using strcpy_s instead. To disable deprecation, use _CRT_SECURE_NO_WARNINGS. See online help for details.
  c:\program files (x86)\windows kits\10\include\10.0.15063.0\ucrt\string.h(136): note: 参见“strcpy”的声明
c:\users\asus\source\repos\数据结构上机 图\数据结构上机 图\源.cpp(748): warning C4996: 'scanf': This function or variable may be unsafe. Consider using scanf_s instead. To disable deprecation, use _CRT_SECURE_NO_WARNINGS. See online help for details.
  c:\program files (x86)\windows kits\10\include\10.0.15063.0\ucrt\stdio.h(1272): note: 参见“scanf”的声明
c:\users\asus\source\repos\数据结构上机 图\数据结构上机 图\源.cpp(760): warning C4996: 'scanf': This function or variable may be unsafe. Consider using scanf_s instead. To disable deprecation, use _CRT_SECURE_NO_WARNINGS. See online help for details.
  c:\program files (x86)\windows kits\10\include\10.0.15063.0\ucrt\stdio.h(1272): note: 参见“scanf”的声明
c:\users\asus\source\repos\数据结构上机 图\数据结构上机 图\源.cpp(764): warning C4996: 'scanf': This function or variable may be unsafe. Consider using scanf_s instead. To disable deprecation, use _CRT_SECURE_NO_WARNINGS. See online help for details.
  c:\program files (x86)\windows kits\10\include\10.0.15063.0\ucrt\stdio.h(1272): note: 参见“scanf”的声明
c:\users\asus\source\repos\数据结构上机 图\数据结构上机 图\源.cpp(768): warning C4996: 'scanf': This function or variable may be unsafe. Consider using scanf_s instead. To disable deprecation, use _CRT_SECURE_NO_WARNINGS. See online help for details.
  c:\program files (x86)\windows kits\10\include\10.0.15063.0\ucrt\stdio.h(1272): note: 参见“scanf”的声明
c:\users\asus\source\repos\数据结构上机 图\数据结构上机 图\源.cpp(781): warning C4996: 'scanf': This function or variable may be unsafe. Consider using scanf_s instead. To disable deprecation, use _CRT_SECURE_NO_WARNINGS. See online help for details.
  c:\program files (x86)\windows kits\10\include\10.0.15063.0\ucrt\stdio.h(1272): note: 参见“scanf”的声明
  数据结构上机 图.vcxproj -> C:\Users\asus\source\repos\数据结构上机 图\Debug\数据结构上机 图.exe
  数据结构上机 图.vcxproj -> C:\Users\asus\source\repos\数据结构上机 图\Debug\数据结构上机 图.pdb (Partial PDB)
